SF:/home/vance/projects/noosphere/sync-service/src/config.rs
FN:114,_RNvMNtCs75KaPryiO3a_14noosphere_sync6configNtB2_6Config10vault_path
FN:90,_RNvMNtCs75KaPryiO3a_14noosphere_sync6configNtB2_6Config4load
FN:92,_RNCNvMNtCs75KaPryiO3a_14noosphere_sync6configNtB4_6Config4load0B6_
FN:180,_RNvNtNtCs66U3YIi83o9_14noosphere_sync6config5testss_21test_path_buf_parsing
FN:212,_RNvNtNtCs66U3YIi83o9_14noosphere_sync6config5testss_25test_vault_path_expansion
FN:126,_RNvNtNtCs66U3YIi83o9_14noosphere_sync6config5testss_27test_config_deserialization
FN:248,_RNvNtNtCs66U3YIi83o9_14noosphere_sync6config5testss_27test_missing_required_field
FN:114,_RNvMNtCs66U3YIi83o9_14noosphere_sync6configNtB2_6Config10vault_path
FN:92,_RNCNvMNtCs66U3YIi83o9_14noosphere_sync6configNtB4_6Config4load0B6_
FN:90,_RNvMNtCs66U3YIi83o9_14noosphere_sync6configNtB2_6Config4load
FNDA:1,_RNvMNtCs75KaPryiO3a_14noosphere_sync6configNtB2_6Config10vault_path
FNDA:3,_RNvMNtCs75KaPryiO3a_14noosphere_sync6configNtB2_6Config4load
FNDA:1,_RNCNvMNtCs75KaPryiO3a_14noosphere_sync6configNtB4_6Config4load0B6_
FNDA:1,_RNvNtNtCs66U3YIi83o9_14noosphere_sync6config5testss_21test_path_buf_parsing
FNDA:1,_RNvNtNtCs66U3YIi83o9_14noosphere_sync6config5testss_25test_vault_path_expansion
FNDA:1,_RNvNtNtCs66U3YIi83o9_14noosphere_sync6config5testss_27test_config_deserialization
FNDA:1,_RNvNtNtCs66U3YIi83o9_14noosphere_sync6config5testss_27test_missing_required_field
FNDA:1,_RNvMNtCs66U3YIi83o9_14noosphere_sync6configNtB2_6Config10vault_path
FNDA:0,_RNCNvMNtCs66U3YIi83o9_14noosphere_sync6configNtB4_6Config4load0B6_
FNDA:0,_RNvMNtCs66U3YIi83o9_14noosphere_sync6configNtB2_6Config4load
FNF:7
FNH:7
DA:90,3
DA:91,3
DA:92,3
DA:94,2
DA:95,2
DA:97,2
DA:98,3
DA:114,2
DA:115,2
DA:116,2
DA:117,2
DA:118,2
DA:126,1
DA:127,1
DA:128,1
DA:129,1
DA:130,1
DA:131,1
DA:132,1
DA:133,1
DA:134,1
DA:135,1
DA:136,1
DA:137,1
DA:138,1
DA:139,1
DA:140,1
DA:141,1
DA:142,1
DA:143,1
DA:144,1
DA:145,1
DA:146,1
DA:147,1
DA:148,1
DA:149,1
DA:150,1
DA:151,1
DA:152,1
DA:154,1
DA:157,1
DA:158,1
DA:161,1
DA:162,1
DA:163,1
DA:164,1
DA:167,1
DA:168,1
DA:169,1
DA:170,1
DA:173,1
DA:174,1
DA:175,1
DA:176,1
DA:177,1
DA:180,1
DA:181,1
DA:182,1
DA:183,1
DA:184,1
DA:185,1
DA:186,1
DA:187,1
DA:188,1
DA:189,1
DA:190,1
DA:191,1
DA:192,1
DA:193,1
DA:194,1
DA:195,1
DA:196,1
DA:197,1
DA:198,1
DA:199,1
DA:200,1
DA:201,1
DA:202,1
DA:203,1
DA:204,1
DA:206,1
DA:207,1
DA:208,1
DA:209,1
DA:212,1
DA:213,1
DA:214,1
DA:215,1
DA:216,1
DA:217,1
DA:218,1
DA:219,1
DA:220,1
DA:221,1
DA:222,1
DA:223,1
DA:224,1
DA:225,1
DA:226,1
DA:227,1
DA:228,1
DA:229,1
DA:230,1
DA:231,1
DA:232,1
DA:233,1
DA:234,1
DA:235,1
DA:236,1
DA:238,1
DA:239,1
DA:242,1
DA:244,1
DA:245,1
DA:248,1
DA:250,1
DA:251,1
DA:252,1
DA:253,1
DA:254,1
DA:255,1
DA:256,1
DA:257,1
DA:258,1
DA:259,1
DA:260,1
DA:261,1
DA:262,1
DA:263,1
DA:264,1
DA:265,1
DA:266,1
DA:267,1
DA:268,1
DA:270,1
DA:271,1
DA:272,1
BRF:0
BRH:0
LF:138
LH:138
end_of_record
SF:/home/vance/projects/noosphere/sync-service/src/main.rs
FN:9,_RNCNCNvCs9Drm0R2fNoG_14noosphere_sync4main00B5_
FN:4,_RNCNvCs9Drm0R2fNoG_14noosphere_sync4main0B3_
FN:4,_RNvCs9Drm0R2fNoG_14noosphere_sync4main
FN:4,_RNvCs3PanLGGdwks_14noosphere_sync4main
FN:9,_RNCNCNvCs3PanLGGdwks_14noosphere_sync4main00B5_
FN:4,_RNCNvCs3PanLGGdwks_14noosphere_sync4main0B3_
FNDA:0,_RNCNCNvCs9Drm0R2fNoG_14noosphere_sync4main00B5_
FNDA:0,_RNCNvCs9Drm0R2fNoG_14noosphere_sync4main0B3_
FNDA:0,_RNvCs9Drm0R2fNoG_14noosphere_sync4main
FNDA:0,_RNvCs3PanLGGdwks_14noosphere_sync4main
FNDA:0,_RNCNCNvCs3PanLGGdwks_14noosphere_sync4main00B5_
FNDA:0,_RNCNvCs3PanLGGdwks_14noosphere_sync4main0B3_
FNF:3
FNH:0
DA:4,0
DA:6,0
DA:7,0
DA:8,0
DA:9,0
DA:11,0
DA:13,0
DA:14,0
DA:15,0
DA:17,0
DA:18,0
BRF:0
BRH:0
LF:14
LH:0
end_of_record
SF:/home/vance/projects/noosphere/sync-service/src/vault/hash.rs
FN:69,_RNvNtNtCs66U3YIi83o9_14noosphere_sync5vault4hash17compute_file_hash
FN:111,_RNvNtNtCs66U3YIi83o9_14noosphere_sync5vault4hash19has_content_changed
FN:33,_RNvNtNtCs66U3YIi83o9_14noosphere_sync5vault4hash20compute_content_hash
FN:226,_RNvNtNtNtCs66U3YIi83o9_14noosphere_sync5vault4hash5testss_20test_unicode_content
FN:159,_RNvNtNtNtCs66U3YIi83o9_14noosphere_sync5vault4hash5testss_22test_compute_file_hash
FN:140,_RNvNtNtNtCs66U3YIi83o9_14noosphere_sync5vault4hash5testss_23test_hash_deterministic
FN:127,_RNvNtNtNtCs66U3YIi83o9_14noosphere_sync5vault4hash5testss_25test_compute_content_hash
FN:206,_RNvNtNtNtCs66U3YIi83o9_14noosphere_sync5vault4hash5testss_33test_has_content_changed_modified
FN:179,_RNvNtNtNtCs66U3YIi83o9_14noosphere_sync5vault4hash5testss_33test_has_content_changed_no_cache
FN:191,_RNvNtNtNtCs66U3YIi83o9_14noosphere_sync5vault4hash5testss_34test_has_content_changed_unchanged
FN:151,_RNvNtNtNtCs66U3YIi83o9_14noosphere_sync5vault4hash5testss_37test_different_content_different_hash
FNDA:6,_RNvNtNtCs66U3YIi83o9_14noosphere_sync5vault4hash17compute_file_hash
FNDA:3,_RNvNtNtCs66U3YIi83o9_14noosphere_sync5vault4hash19has_content_changed
FNDA:10,_RNvNtNtCs66U3YIi83o9_14noosphere_sync5vault4hash20compute_content_hash
FNDA:1,_RNvNtNtNtCs66U3YIi83o9_14noosphere_sync5vault4hash5testss_20test_unicode_content
FNDA:1,_RNvNtNtNtCs66U3YIi83o9_14noosphere_sync5vault4hash5testss_22test_compute_file_hash
FNDA:1,_RNvNtNtNtCs66U3YIi83o9_14noosphere_sync5vault4hash5testss_23test_hash_deterministic
FNDA:1,_RNvNtNtNtCs66U3YIi83o9_14noosphere_sync5vault4hash5testss_25test_compute_content_hash
FNDA:1,_RNvNtNtNtCs66U3YIi83o9_14noosphere_sync5vault4hash5testss_33test_has_content_changed_modified
FNDA:1,_RNvNtNtNtCs66U3YIi83o9_14noosphere_sync5vault4hash5testss_33test_has_content_changed_no_cache
FNDA:1,_RNvNtNtNtCs66U3YIi83o9_14noosphere_sync5vault4hash5testss_34test_has_content_changed_unchanged
FNDA:1,_RNvNtNtNtCs66U3YIi83o9_14noosphere_sync5vault4hash5testss_37test_different_content_different_hash
FNF:11
FNH:11
DA:33,10
DA:34,10
DA:35,10
DA:36,10
DA:37,10
DA:69,6
DA:70,6
DA:71,6
DA:72,6
DA:73,6
DA:74,6
DA:111,3
DA:112,3
DA:114,3
DA:115,2
DA:116,1
DA:118,3
DA:127,1
DA:128,1
DA:129,1
DA:132,1
DA:135,1
DA:136,1
DA:137,1
DA:140,1
DA:141,1
DA:142,1
DA:143,1
DA:144,1
DA:146,1
DA:147,1
DA:148,1
DA:151,1
DA:152,1
DA:153,1
DA:155,1
DA:156,1
DA:159,1
DA:161,1
DA:162,1
DA:163,1
DA:166,1
DA:169,1
DA:172,1
DA:173,1
DA:175,1
DA:176,1
DA:179,1
DA:180,1
DA:181,1
DA:182,1
DA:185,1
DA:187,1
DA:188,1
DA:191,1
DA:192,1
DA:193,1
DA:194,1
DA:197,1
DA:200,1
DA:202,1
DA:203,1
DA:206,1
DA:207,1
DA:208,1
DA:209,1
DA:212,1
DA:215,1
DA:216,1
DA:217,1
DA:220,1
DA:222,1
DA:223,1
DA:226,1
DA:228,1
DA:229,1
DA:230,1
DA:232,1
DA:233,1
DA:234,1
BRF:0
BRH:0
LF:80
LH:80
end_of_record
SF:/home/vance/projects/noosphere/sync-service/src/vault/lock.rs
FN:212,_RNvXs_NtNtCs75KaPryiO3a_14noosphere_sync5vault4lockNtB4_8FileLockNtNtNtCs3XFJfFEDSOQ_4core3ops4drop4Drop4drop
FN:69,_RNvMNtNtCs75KaPryiO3a_14noosphere_sync5vault4lockNtB2_8FileLock3new
FN:150,_RNvMNtNtCs75KaPryiO3a_14noosphere_sync5vault4lockNtB2_8FileLock7acquire
FN:196,_RNvMNtNtCs75KaPryiO3a_14noosphere_sync5vault4lockNtB2_8FileLock7release
FN:70,_RNCNvMNtNtCs75KaPryiO3a_14noosphere_sync5vault4lockNtB4_8FileLock3new0B8_
FN:79,_RNCNvMNtNtCs75KaPryiO3a_14noosphere_sync5vault4lockNtB4_8FileLock3news_0B8_
FN:266,_RNvNtNtNtCs66U3YIi83o9_14noosphere_sync5vault4lock5testss_17test_lock_timeout
FN:302,_RNvNtNtNtCs66U3YIi83o9_14noosphere_sync5vault4lock5testss_21test_sequential_locks
FN:246,_RNvNtNtNtCs66U3YIi83o9_14noosphere_sync5vault4lock5testss_22test_lock_auto_cleanup
FN:285,_RNvNtNtNtCs66U3YIi83o9_14noosphere_sync5vault4lock5testss_27test_lock_creates_directory
FN:227,_RNvNtNtNtCs66U3YIi83o9_14noosphere_sync5vault4lock5testss_30test_file_lock_acquire_release
FN:212,_RNvXs_NtNtCs66U3YIi83o9_14noosphere_sync5vault4lockNtB4_8FileLockNtNtNtCs3XFJfFEDSOQ_4core3ops4drop4Drop4drop
FN:69,_RNvMNtNtCs66U3YIi83o9_14noosphere_sync5vault4lockNtB2_8FileLock3new
FN:150,_RNvMNtNtCs66U3YIi83o9_14noosphere_sync5vault4lockNtB2_8FileLock7acquire
FN:196,_RNvMNtNtCs66U3YIi83o9_14noosphere_sync5vault4lockNtB2_8FileLock7release
FN:70,_RNCNvMNtNtCs66U3YIi83o9_14noosphere_sync5vault4lockNtB4_8FileLock3new0B8_
FN:79,_RNCNvMNtNtCs66U3YIi83o9_14noosphere_sync5vault4lockNtB4_8FileLock3news_0B8_
FNDA:0,_RNvXs_NtNtCs75KaPryiO3a_14noosphere_sync5vault4lockNtB4_8FileLockNtNtNtCs3XFJfFEDSOQ_4core3ops4drop4Drop4drop
FNDA:0,_RNvMNtNtCs75KaPryiO3a_14noosphere_sync5vault4lockNtB2_8FileLock3new
FNDA:0,_RNvMNtNtCs75KaPryiO3a_14noosphere_sync5vault4lockNtB2_8FileLock7acquire
FNDA:0,_RNvMNtNtCs75KaPryiO3a_14noosphere_sync5vault4lockNtB2_8FileLock7release
FNDA:0,_RNCNvMNtNtCs75KaPryiO3a_14noosphere_sync5vault4lockNtB4_8FileLock3new0B8_
FNDA:0,_RNCNvMNtNtCs75KaPryiO3a_14noosphere_sync5vault4lockNtB4_8FileLock3news_0B8_
FNDA:0,_RNvNtNtNtCs66U3YIi83o9_14noosphere_sync5vault4lock5testss_17test_lock_timeout
FNDA:1,_RNvNtNtNtCs66U3YIi83o9_14noosphere_sync5vault4lock5testss_21test_sequential_locks
FNDA:1,_RNvNtNtNtCs66U3YIi83o9_14noosphere_sync5vault4lock5testss_22test_lock_auto_cleanup
FNDA:1,_RNvNtNtNtCs66U3YIi83o9_14noosphere_sync5vault4lock5testss_27test_lock_creates_directory
FNDA:1,_RNvNtNtNtCs66U3YIi83o9_14noosphere_sync5vault4lock5testss_30test_file_lock_acquire_release
FNDA:5,_RNvXs_NtNtCs66U3YIi83o9_14noosphere_sync5vault4lockNtB4_8FileLockNtNtNtCs3XFJfFEDSOQ_4core3ops4drop4Drop4drop
FNDA:5,_RNvMNtNtCs66U3YIi83o9_14noosphere_sync5vault4lockNtB2_8FileLock3new
FNDA:4,_RNvMNtNtCs66U3YIi83o9_14noosphere_sync5vault4lockNtB2_8FileLock7acquire
FNDA:6,_RNvMNtNtCs66U3YIi83o9_14noosphere_sync5vault4lockNtB2_8FileLock7release
FNDA:0,_RNCNvMNtNtCs66U3YIi83o9_14noosphere_sync5vault4lockNtB4_8FileLock3new0B8_
FNDA:0,_RNCNvMNtNtCs66U3YIi83o9_14noosphere_sync5vault4lockNtB4_8FileLock3news_0B8_
FNF:11
FNH:8
DA:69,5
DA:70,5
DA:71,0
DA:72,0
DA:73,0
DA:75,0
DA:76,5
DA:77,5
DA:79,5
DA:80,0
DA:81,0
DA:83,5
DA:85,5
DA:86,5
DA:87,5
DA:88,5
DA:89,5
DA:150,4
DA:151,4
DA:154,4
DA:155,4
DA:156,4
DA:157,4
DA:158,4
DA:160,4
DA:162,4
DA:163,4
DA:164,4
DA:166,0
DA:167,0
DA:168,0
DA:169,0
DA:170,0
DA:174,4
DA:196,6
DA:197,6
DA:198,4
DA:199,4
DA:200,2
DA:201,6
DA:202,6
DA:212,5
DA:213,5
DA:214,0
DA:215,5
DA:216,5
DA:227,1
DA:228,1
DA:229,1
DA:230,1
DA:232,1
DA:235,1
DA:236,1
DA:239,1
DA:240,1
DA:242,1
DA:243,1
DA:246,1
DA:247,1
DA:248,1
DA:249,1
DA:252,1
DA:253,1
DA:259,1
DA:261,1
DA:262,1
DA:266,0
DA:267,0
DA:268,0
DA:269,0
DA:271,0
DA:272,0
DA:275,0
DA:276,0
DA:278,0
DA:279,0
DA:281,0
DA:282,0
DA:285,1
DA:286,1
DA:287,1
DA:290,1
DA:292,1
DA:295,1
DA:296,1
DA:298,1
DA:299,1
DA:302,1
DA:303,1
DA:304,1
DA:305,1
DA:309,1
DA:310,1
DA:314,1
DA:315,1
DA:317,1
DA:318,1
BRF:0
BRH:0
LF:101
LH:73
end_of_record
SF:/home/vance/projects/noosphere/sync-service/src/vault/parser.rs
FN:53,_RNCNvNtNtCs75KaPryiO3a_14noosphere_sync5vault6parser19parse_markdown_file0B7_
FN:43,_RNvNtNtCs66U3YIi83o9_14noosphere_sync5vault6parser19parse_markdown_file
FN:108,_RNvNtNtCs66U3YIi83o9_14noosphere_sync5vault6parser20validate_frontmatter
FN:227,_RNvNtNtNtCs66U3YIi83o9_14noosphere_sync5vault6parser5testss_23test_parse_invalid_yaml
FN:144,_RNvNtNtNtCs66U3YIi83o9_14noosphere_sync5vault6parser5testss_25test_parse_valid_markdown
FN:369,_RNvNtNtNtCs66U3YIi83o9_14noosphere_sync5vault6parser5testss_26test_parse_unicode_content
FN:188,_RNvNtNtNtCs66U3YIi83o9_14noosphere_sync5vault6parser5testss_30test_parse_minimal_frontmatter
FN:248,_RNvNtNtNtCs66U3YIi83o9_14noosphere_sync5vault6parser5testss_30test_parse_missing_frontmatter
FN:267,_RNvNtNtNtCs66U3YIi83o9_14noosphere_sync5vault6parser5testss_31test_validate_frontmatter_valid
FN:284,_RNvNtNtNtCs66U3YIi83o9_14noosphere_sync5vault6parser5testss_39test_validate_frontmatter_missing_title
FN:335,_RNvNtNtNtCs66U3YIi83o9_14noosphere_sync5vault6parser5testss_42test_validate_frontmatter_invalid_category
FN:301,_RNvNtNtNtCs66U3YIi83o9_14noosphere_sync5vault6parser5testss_42test_validate_frontmatter_missing_category
FN:352,_RNvNtNtNtCs66U3YIi83o9_14noosphere_sync5vault6parser5testss_42test_validate_frontmatter_missing_modified
FN:318,_RNvNtNtNtCs66U3YIi83o9_14noosphere_sync5vault6parser5testss_43test_validate_frontmatter_invalid_timestamp
FN:53,_RNCNvNtNtCs66U3YIi83o9_14noosphere_sync5vault6parser19parse_markdown_file0B7_
FNDA:0,_RNCNvNtNtCs75KaPryiO3a_14noosphere_sync5vault6parser19parse_markdown_file0B7_
FNDA:11,_RNvNtNtCs66U3YIi83o9_14noosphere_sync5vault6parser19parse_markdown_file
FNDA:6,_RNvNtNtCs66U3YIi83o9_14noosphere_sync5vault6parser20validate_frontmatter
FNDA:1,_RNvNtNtNtCs66U3YIi83o9_14noosphere_sync5vault6parser5testss_23test_parse_invalid_yaml
FNDA:1,_RNvNtNtNtCs66U3YIi83o9_14noosphere_sync5vault6parser5testss_25test_parse_valid_markdown
FNDA:1,_RNvNtNtNtCs66U3YIi83o9_14noosphere_sync5vault6parser5testss_26test_parse_unicode_content
FNDA:1,_RNvNtNtNtCs66U3YIi83o9_14noosphere_sync5vault6parser5testss_30test_parse_minimal_frontmatter
FNDA:1,_RNvNtNtNtCs66U3YIi83o9_14noosphere_sync5vault6parser5testss_30test_parse_missing_frontmatter
FNDA:1,_RNvNtNtNtCs66U3YIi83o9_14noosphere_sync5vault6parser5testss_31test_validate_frontmatter_valid
FNDA:1,_RNvNtNtNtCs66U3YIi83o9_14noosphere_sync5vault6parser5testss_39test_validate_frontmatter_missing_title
FNDA:1,_RNvNtNtNtCs66U3YIi83o9_14noosphere_sync5vault6parser5testss_42test_validate_frontmatter_invalid_category
FNDA:1,_RNvNtNtNtCs66U3YIi83o9_14noosphere_sync5vault6parser5testss_42test_validate_frontmatter_missing_category
FNDA:1,_RNvNtNtNtCs66U3YIi83o9_14noosphere_sync5vault6parser5testss_42test_validate_frontmatter_missing_modified
FNDA:1,_RNvNtNtNtCs66U3YIi83o9_14noosphere_sync5vault6parser5testss_43test_validate_frontmatter_invalid_timestamp
FNDA:1,_RNCNvNtNtCs66U3YIi83o9_14noosphere_sync5vault6parser19parse_markdown_file0B7_
FNF:14
FNH:14
DA:43,11
DA:44,11
DA:46,11
DA:47,11
DA:51,11
DA:52,10
DA:53,10
DA:55,1
DA:59,9
DA:61,9
DA:62,11
DA:108,6
DA:110,6
DA:111,5
DA:112,4
DA:113,4
DA:115,3
DA:116,3
DA:119,3
DA:120,1
DA:121,2
DA:122,2
DA:123,0
DA:124,2
DA:128,2
DA:129,1
DA:130,1
DA:132,1
DA:133,6
DA:144,1
DA:145,1
DA:146,1
DA:147,1
DA:149,1
DA:150,1
DA:151,1
DA:152,1
DA:153,1
DA:154,1
DA:155,1
DA:156,1
DA:157,1
DA:158,1
DA:159,1
DA:160,1
DA:161,1
DA:162,1
DA:163,1
DA:164,1
DA:165,1
DA:166,1
DA:167,1
DA:171,1
DA:172,1
DA:174,1
DA:176,1
DA:177,1
DA:178,1
DA:179,1
DA:180,1
DA:181,1
DA:182,1
DA:184,1
DA:185,1
DA:188,1
DA:189,1
DA:190,1
DA:191,1
DA:193,1
DA:194,1
DA:195,1
DA:196,1
DA:197,1
DA:198,1
DA:199,1
DA:200,1
DA:201,1
DA:202,1
DA:203,1
DA:204,1
DA:205,1
DA:206,1
DA:207,1
DA:211,1
DA:212,1
DA:214,1
DA:216,1
DA:217,1
DA:218,1
DA:219,1
DA:220,1
DA:221,1
DA:223,1
DA:224,1
DA:227,1
DA:228,1
DA:230,1
DA:231,1
DA:232,1
DA:233,1
DA:234,1
DA:235,1
DA:236,1
DA:238,1
DA:239,1
DA:241,1
DA:242,1
DA:244,1
DA:245,1
DA:248,1
DA:249,1
DA:251,1
DA:252,1
DA:253,1
DA:254,1
DA:256,1
DA:257,1
DA:259,1
DA:261,1
DA:263,1
DA:264,1
DA:267,1
DA:268,1
DA:269,1
DA:270,1
DA:271,1
DA:272,1
DA:273,1
DA:274,1
DA:275,1
DA:276,1
DA:277,1
DA:278,1
DA:280,1
DA:281,1
DA:284,1
DA:285,1
DA:286,1
DA:287,1
DA:288,1
DA:289,1
DA:290,1
DA:291,1
DA:292,1
DA:293,1
DA:294,1
DA:295,1
DA:297,1
DA:298,1
DA:301,1
DA:302,1
DA:303,1
DA:304,1
DA:305,1
DA:306,1
DA:307,1
DA:308,1
DA:309,1
DA:310,1
DA:311,1
DA:312,1
DA:314,1
DA:315,1
DA:318,1
DA:319,1
DA:320,1
DA:321,1
DA:322,1
DA:323,1
DA:324,1
DA:325,1
DA:326,1
DA:327,1
DA:328,1
DA:329,1
DA:331,1
DA:332,1
DA:335,1
DA:336,1
DA:337,1
DA:338,1
DA:339,1
DA:340,1
DA:341,1
DA:342,1
DA:343,1
DA:344,1
DA:345,1
DA:346,1
DA:348,1
DA:349,1
DA:352,1
DA:353,1
DA:354,1
DA:355,1
DA:356,1
DA:357,1
DA:358,1
DA:359,1
DA:360,1
DA:361,1
DA:362,1
DA:363,1
DA:365,1
DA:366,1
DA:369,1
DA:370,1
DA:371,1
DA:372,1
DA:374,1
DA:375,1
DA:376,1
DA:377,1
DA:378,1
DA:379,1
DA:380,1
DA:381,1
DA:382,1
DA:383,1
DA:384,1
DA:385,1
DA:386,1
DA:387,1
DA:388,1
DA:389,1
DA:390,1
DA:394,1
DA:395,1
DA:397,1
DA:399,1
DA:400,1
DA:402,1
DA:403,1
BRF:0
BRH:0
LF:234
LH:233
end_of_record
SF:/home/vance/projects/noosphere/sync-service/src/vault/template.rs
FN:95,_RNCNvNtNtCs75KaPryiO3a_14noosphere_sync5vault8template20create_item_template0B7_
FN:104,_RNCNvNtNtCs75KaPryiO3a_14noosphere_sync5vault8template20create_item_templates_0B7_
FN:83,_RNvNtNtCs75KaPryiO3a_14noosphere_sync5vault8template20create_item_template
FN:83,_RNvNtNtCs66U3YIi83o9_14noosphere_sync5vault8template20create_item_template
FN:155,_RNvNtNtNtCs66U3YIi83o9_14noosphere_sync5vault8template5testss_20test_metadata_struct
FN:116,_RNvNtNtNtCs66U3YIi83o9_14noosphere_sync5vault8template5testss_26test_create_template_basic
FN:135,_RNvNtNtNtCs66U3YIi83o9_14noosphere_sync5vault8template5testss_36test_create_template_with_all_fields
FN:95,_RNCNvNtNtCs66U3YIi83o9_14noosphere_sync5vault8template20create_item_template0B7_
FN:104,_RNCNvNtNtCs66U3YIi83o9_14noosphere_sync5vault8template20create_item_templates_0B7_
FNDA:0,_RNCNvNtNtCs75KaPryiO3a_14noosphere_sync5vault8template20create_item_template0B7_
FNDA:0,_RNCNvNtNtCs75KaPryiO3a_14noosphere_sync5vault8template20create_item_templates_0B7_
FNDA:0,_RNvNtNtCs75KaPryiO3a_14noosphere_sync5vault8template20create_item_template
FNDA:2,_RNvNtNtCs66U3YIi83o9_14noosphere_sync5vault8template20create_item_template
FNDA:1,_RNvNtNtNtCs66U3YIi83o9_14noosphere_sync5vault8template5testss_20test_metadata_struct
FNDA:1,_RNvNtNtNtCs66U3YIi83o9_14noosphere_sync5vault8template5testss_26test_create_template_basic
FNDA:1,_RNvNtNtNtCs66U3YIi83o9_14noosphere_sync5vault8template5testss_36test_create_template_with_all_fields
FNDA:1,_RNCNvNtNtCs66U3YIi83o9_14noosphere_sync5vault8template20create_item_template0B7_
FNDA:0,_RNCNvNtNtCs66U3YIi83o9_14noosphere_sync5vault8template20create_item_templates_0B7_
FNF:6
FNH:5
DA:83,2
DA:84,2
DA:85,2
DA:86,2
DA:87,2
DA:88,2
DA:89,2
DA:90,2
DA:91,2
DA:92,2
DA:93,2
DA:94,2
DA:95,2
DA:96,2
DA:97,2
DA:98,2
DA:99,2
DA:100,2
DA:103,2
DA:104,2
DA:105,2
DA:106,2
DA:107,2
DA:108,2
DA:109,2
DA:116,1
DA:117,1
DA:120,1
DA:121,1
DA:124,1
DA:125,1
DA:126,1
DA:129,1
DA:131,1
DA:132,1
DA:135,1
DA:136,1
DA:137,1
DA:138,1
DA:139,1
DA:140,1
DA:141,1
DA:142,0
DA:144,1
DA:145,1
DA:146,1
DA:147,1
DA:148,1
DA:149,1
DA:151,1
DA:152,1
DA:155,1
DA:156,1
DA:157,1
DA:158,1
DA:159,1
DA:160,1
DA:161,1
DA:162,1
DA:163,1
DA:164,1
DA:165,1
DA:166,1
DA:169,1
DA:170,1
DA:173,1
DA:174,1
DA:175,1
DA:176,1
BRF:0
BRH:0
LF:71
LH:69
end_of_record
SF:/home/vance/projects/noosphere/sync-service/src/vault/writer.rs
FN:100,_RNCNvNtNtCs75KaPryiO3a_14noosphere_sync5vault6writer12atomic_write0B7_
FN:65,_RNCNvNtNtCs75KaPryiO3a_14noosphere_sync5vault6writer19write_markdown_file0B7_
FN:166,_RNvNtNtNtCs66U3YIi83o9_14noosphere_sync5vault6writer5tests20create_test_metadata
FN:224,_RNvNtNtNtCs66U3YIi83o9_14noosphere_sync5vault6writer5testss_17test_atomic_write
FN:245,_RNvNtNtNtCs66U3YIi83o9_14noosphere_sync5vault6writer5testss_23test_update_frontmatter
FN:181,_RNvNtNtNtCs66U3YIi83o9_14noosphere_sync5vault6writer5testss_24test_write_markdown_file
FN:312,_RNvNtNtNtCs66U3YIi83o9_14noosphere_sync5vault6writer5testss_26test_write_unicode_content
FN:205,_RNvNtNtNtCs66U3YIi83o9_14noosphere_sync5vault6writer5testss_30test_write_creates_parent_dirs
FN:333,_RNvNtNtNtCs66U3YIi83o9_14noosphere_sync5vault6writer5testss_30test_write_overwrites_existing
FN:274,_RNvNtNtNtCs66U3YIi83o9_14noosphere_sync5vault6writer5testss_41test_update_frontmatter_preserves_content
FN:146,_RINvNtNtCs66U3YIi83o9_14noosphere_sync5vault6writer18update_frontmatterNCNvNtB2_5testss_23test_update_frontmatter0EB6_
FN:146,_RINvNtNtCs66U3YIi83o9_14noosphere_sync5vault6writer18update_frontmatterNCNvNtB2_5testss_41test_update_frontmatter_preserves_content0EB6_
FN:100,_RNCNvNtNtCs66U3YIi83o9_14noosphere_sync5vault6writer12atomic_write0B7_
FN:65,_RNCNvNtNtCs66U3YIi83o9_14noosphere_sync5vault6writer19write_markdown_file0B7_
FN:255,_RNCNvNtNtNtCs66U3YIi83o9_14noosphere_sync5vault6writer5testss_23test_update_frontmatter0B9_
FN:299,_RNCNvNtNtNtCs66U3YIi83o9_14noosphere_sync5vault6writer5testss_41test_update_frontmatter_preserves_content0B9_
FN:93,_RNvNtNtCs66U3YIi83o9_14noosphere_sync5vault6writer12atomic_write
FN:62,_RNvNtNtCs66U3YIi83o9_14noosphere_sync5vault6writer19write_markdown_file
FNDA:0,_RNCNvNtNtCs75KaPryiO3a_14noosphere_sync5vault6writer12atomic_write0B7_
FNDA:0,_RNCNvNtNtCs75KaPryiO3a_14noosphere_sync5vault6writer19write_markdown_file0B7_
FNDA:7,_RNvNtNtNtCs66U3YIi83o9_14noosphere_sync5vault6writer5tests20create_test_metadata
FNDA:1,_RNvNtNtNtCs66U3YIi83o9_14noosphere_sync5vault6writer5testss_17test_atomic_write
FNDA:1,_RNvNtNtNtCs66U3YIi83o9_14noosphere_sync5vault6writer5testss_23test_update_frontmatter
FNDA:1,_RNvNtNtNtCs66U3YIi83o9_14noosphere_sync5vault6writer5testss_24test_write_markdown_file
FNDA:1,_RNvNtNtNtCs66U3YIi83o9_14noosphere_sync5vault6writer5testss_26test_write_unicode_content
FNDA:1,_RNvNtNtNtCs66U3YIi83o9_14noosphere_sync5vault6writer5testss_30test_write_creates_parent_dirs
FNDA:1,_RNvNtNtNtCs66U3YIi83o9_14noosphere_sync5vault6writer5testss_30test_write_overwrites_existing
FNDA:1,_RNvNtNtNtCs66U3YIi83o9_14noosphere_sync5vault6writer5testss_41test_update_frontmatter_preserves_content
FNDA:1,_RINvNtNtCs66U3YIi83o9_14noosphere_sync5vault6writer18update_frontmatterNCNvNtB2_5testss_23test_update_frontmatter0EB6_
FNDA:1,_RINvNtNtCs66U3YIi83o9_14noosphere_sync5vault6writer18update_frontmatterNCNvNtB2_5testss_41test_update_frontmatter_preserves_content0EB6_
FNDA:0,_RNCNvNtNtCs66U3YIi83o9_14noosphere_sync5vault6writer12atomic_write0B7_
FNDA:0,_RNCNvNtNtCs66U3YIi83o9_14noosphere_sync5vault6writer19write_markdown_file0B7_
FNDA:1,_RNCNvNtNtNtCs66U3YIi83o9_14noosphere_sync5vault6writer5testss_23test_update_frontmatter0B9_
FNDA:1,_RNCNvNtNtNtCs66U3YIi83o9_14noosphere_sync5vault6writer5testss_41test_update_frontmatter_preserves_content0B9_
FNDA:11,_RNvNtNtCs66U3YIi83o9_14noosphere_sync5vault6writer12atomic_write
FNDA:9,_RNvNtNtCs66U3YIi83o9_14noosphere_sync5vault6writer19write_markdown_file
FNF:15
FNH:13
DA:62,9
DA:64,9
DA:65,9
DA:68,9
DA:71,9
DA:73,9
DA:74,9
DA:93,11
DA:95,11
DA:96,11
DA:97,0
DA:100,11
DA:101,11
DA:102,11
DA:103,11
DA:106,11
DA:108,11
DA:109,11
DA:146,2
DA:148,2
DA:151,2
DA:154,2
DA:156,2
DA:157,2
DA:166,7
DA:167,7
DA:168,7
DA:169,7
DA:170,7
DA:171,7
DA:172,7
DA:173,7
DA:174,7
DA:175,7
DA:176,7
DA:177,7
DA:178,7
DA:181,1
DA:182,1
DA:183,1
DA:185,1
DA:186,1
DA:188,1
DA:191,1
DA:194,1
DA:195,1
DA:196,1
DA:197,1
DA:198,1
DA:199,1
DA:201,1
DA:202,1
DA:205,1
DA:206,1
DA:207,1
DA:208,1
DA:209,1
DA:210,1
DA:211,1
DA:213,1
DA:214,1
DA:217,1
DA:218,1
DA:220,1
DA:221,1
DA:224,1
DA:225,1
DA:226,1
DA:229,1
DA:232,1
DA:233,1
DA:234,1
DA:237,1
DA:238,1
DA:239,1
DA:241,1
DA:242,1
DA:245,1
DA:246,1
DA:247,1
DA:250,1
DA:251,1
DA:252,1
DA:255,1
DA:256,1
DA:257,1
DA:258,1
DA:261,1
DA:262,1
DA:263,1
DA:264,1
DA:267,1
DA:268,1
DA:270,1
DA:271,1
DA:274,1
DA:275,1
DA:276,1
DA:278,1
DA:279,1
DA:280,1
DA:281,1
DA:282,1
DA:283,1
DA:284,1
DA:285,1
DA:286,1
DA:287,1
DA:288,1
DA:289,1
DA:290,1
DA:291,1
DA:292,1
DA:293,1
DA:294,1
DA:296,1
DA:299,1
DA:300,1
DA:301,1
DA:304,1
DA:305,1
DA:306,1
DA:308,1
DA:309,1
DA:312,1
DA:313,1
DA:314,1
DA:316,1
DA:317,1
DA:319,1
DA:321,1
DA:324,1
DA:325,1
DA:326,1
DA:327,1
DA:329,1
DA:330,1
DA:333,1
DA:334,1
DA:335,1
DA:338,1
DA:339,1
DA:342,1
DA:343,1
DA:344,1
DA:347,1
DA:348,1
DA:349,1
DA:350,1
DA:352,1
DA:353,1
BRF:0
BRH:0
LF:157
LH:152
end_of_record